nohup: ignoring input
[INFO] PE-DiffWaveNet noleak training
[INFO] device=cuda, world_size=1
[INFO] output_dir=/home/lyk/O3/matrix_N95_PEDiffWaveNet_noleak_yourgroup_seq12_pre6_s42
[INFO] clean_room=1, pe_source=train, use_pe_graph=1, use_pe_film=1, use_diffusion=1, pe_graph_alpha=1.0, pe_film_scale=1.0, pe_film_zero_init=0, pe_shuffle_seed=-1, pe_adaptive_loss=0, pe_loss_weight=0.15
[INFO] loading meteorological data...
[INFO] loading met cache: /home/lyk/O3/matrix_N95/met_raw_aligned_cache.npz
[INFO] trainX=(7361, 12, 95, 15), trainY=(7361, 6, 95)
[INFO] validX=(652, 12, 95, 15), validY=(652, 6, 95)
[INFO] testX=(653, 12, 95, 15), testY=(653, 6, 95)
[INFO] train-only PE time range: {'start_idx': 0, 'end_idx': 7377, 'start_time': '2022-01-01 00:00:00', 'end_time': '2022-11-05 23:00:00', 'length': 7378}
[INFO] building PE features: nodes=95, scales=[6, 9, 12, 24, 48, 72], step=1
[INFO] PE feature progress: 20/95
[INFO] PE feature progress: 40/95
[INFO] PE feature progress: 60/95
[INFO] PE feature progress: 80/95
[INFO] PE feature progress: 95/95
[INFO] building PE features: nodes=95, scales=[6, 9, 12, 24, 48, 72], step=1
[INFO] PE feature progress: 20/95
[INFO] PE feature progress: 40/95
[INFO] PE feature progress: 60/95
[INFO] PE feature progress: 80/95
[INFO] PE feature progress: 95/95
[INFO] graph nnz: S=691, T=1570, PE=2293
[INFO] train batches/epoch=461, effective_batch=16
[INFO] model_params=621635
/home/lyk/O3/code/train_pediffwavenet_noleak.py:410: FutureWarning: `torch.cuda.amp.GradScaler(args...)` is deprecated. Please use `torch.amp.GradScaler('cuda', args...)` instead.
  scaler = torch.cuda.amp.GradScaler(enabled=use_amp)
[INFO] start epoch 1/120
  [WARN] skip non-finite grad at epoch 1 batch 1
  [WARN] skip non-finite grad at epoch 1 batch 2
  [WARN] skip non-finite grad at epoch 1 batch 3
  [WARN] skip non-finite grad at epoch 1 batch 4
  [WARN] skip non-finite grad at epoch 1 batch 7
  Epoch 1 Batch 50/461 | Loss=3.471795 | diff=3.1939 | coarse=3.4738 | 4.8s
  Epoch 1 Batch 100/461 | Loss=1.168443 | diff=1.0371 | coarse=1.6422 | 8.9s
  Epoch 1 Batch 150/461 | Loss=0.820415 | diff=0.7610 | coarse=0.7425 | 12.8s
  Epoch 1 Batch 200/461 | Loss=0.398577 | diff=0.3584 | coarse=0.5017 | 16.9s
  Epoch 1 Batch 250/461 | Loss=0.451551 | diff=0.4148 | coarse=0.4597 | 20.9s
  Epoch 1 Batch 300/461 | Loss=0.603651 | diff=0.5575 | coarse=0.5766 | 24.8s
  Epoch 1 Batch 350/461 | Loss=0.291876 | diff=0.2707 | coarse=0.2647 | 29.1s
  Epoch 1 Batch 400/461 | Loss=0.315401 | diff=0.2913 | coarse=0.3018 | 33.4s
  Epoch 1 Batch 450/461 | Loss=0.254029 | diff=0.2349 | coarse=0.2385 | 37.6s
  Epoch 1 Batch 461/461 | Loss=0.032615 | diff=0.0304 | coarse=0.0282 | 38.7s
Epoch 1/120 | Loss=1.430762 | Val RMSE=107.8280 | Val MAE=104.2351 | Val MAPE=480.02% | LR=2.80e-04 | 64.2s
  [BEST] epoch=1, val_rmse=107.8280
[INFO] start epoch 2/120
  Epoch 2 Batch 50/461 | Loss=0.259140 | diff=0.2386 | coarse=0.2571 | 3.9s
  Epoch 2 Batch 100/461 | Loss=0.250210 | diff=0.2287 | coarse=0.2685 | 8.0s
  Epoch 2 Batch 150/461 | Loss=0.340815 | diff=0.3149 | coarse=0.3244 | 12.1s
  Epoch 2 Batch 200/461 | Loss=0.303885 | diff=0.2814 | coarse=0.2814 | 16.2s
  Epoch 2 Batch 250/461 | Loss=0.494125 | diff=0.4597 | coarse=0.4299 | 20.2s
  Epoch 2 Batch 300/461 | Loss=0.571971 | diff=0.5398 | coarse=0.4021 | 24.4s
  Epoch 2 Batch 350/461 | Loss=0.193608 | diff=0.1755 | coarse=0.2258 | 28.5s
  Epoch 2 Batch 400/461 | Loss=0.307357 | diff=0.2857 | coarse=0.2703 | 32.6s
  Epoch 2 Batch 450/461 | Loss=0.323001 | diff=0.3031 | coarse=0.2492 | 36.6s
  Epoch 2 Batch 461/461 | Loss=0.010891 | diff=0.0103 | coarse=0.0074 | 37.5s
Epoch 2/120 | Loss=0.334994 | Val RMSE=94.6526 | Val MAE=91.6457 | Val MAPE=422.76% | LR=4.20e-04 | 62.7s
  [BEST] epoch=2, val_rmse=94.6526
[INFO] start epoch 3/120
  Epoch 3 Batch 50/461 | Loss=0.212412 | diff=0.1957 | coarse=0.2088 | 4.0s
  Epoch 3 Batch 100/461 | Loss=0.237438 | diff=0.2156 | coarse=0.2731 | 8.1s
  Epoch 3 Batch 150/461 | Loss=0.290723 | diff=0.2684 | coarse=0.2787 | 12.2s
  Epoch 3 Batch 200/461 | Loss=0.272966 | diff=0.2527 | coarse=0.2532 | 16.3s
  Epoch 3 Batch 250/461 | Loss=0.468206 | diff=0.4366 | coarse=0.3954 | 20.4s
  Epoch 3 Batch 300/461 | Loss=0.552549 | diff=0.5201 | coarse=0.4059 | 24.6s
  Epoch 3 Batch 350/461 | Loss=0.185102 | diff=0.1681 | coarse=0.2120 | 28.7s
  Epoch 3 Batch 400/461 | Loss=0.283522 | diff=0.2619 | coarse=0.2700 | 32.8s
  Epoch 3 Batch 450/461 | Loss=0.308305 | diff=0.2893 | coarse=0.2382 | 36.8s
  Epoch 3 Batch 461/461 | Loss=0.010764 | diff=0.0102 | coarse=0.0073 | 37.6s
Epoch 3/120 | Loss=0.310578 | Val RMSE=84.2437 | Val MAE=81.7827 | Val MAPE=376.49% | LR=5.60e-04 | 62.0s
  [BEST] epoch=3, val_rmse=84.2437
[INFO] start epoch 4/120
  Epoch 4 Batch 50/461 | Loss=0.205295 | diff=0.1889 | coarse=0.2051 | 4.0s
  Epoch 4 Batch 100/461 | Loss=0.247960 | diff=0.2210 | coarse=0.3369 | 8.0s
  Epoch 4 Batch 150/461 | Loss=0.251472 | diff=0.2313 | coarse=0.2521 | 12.1s
  Epoch 4 Batch 200/461 | Loss=0.258888 | diff=0.2398 | coarse=0.2390 | 16.1s
  Epoch 4 Batch 250/461 | Loss=0.453800 | diff=0.4286 | coarse=0.3154 | 20.2s
  Epoch 4 Batch 300/461 | Loss=0.546006 | diff=0.5115 | coarse=0.4309 | 24.2s
  Epoch 4 Batch 350/461 | Loss=0.183542 | diff=0.1674 | coarse=0.2023 | 28.3s
  Epoch 4 Batch 400/461 | Loss=0.288995 | diff=0.2678 | coarse=0.2650 | 32.3s
  Epoch 4 Batch 450/461 | Loss=0.310187 | diff=0.2909 | coarse=0.2409 | 36.4s
  Epoch 4 Batch 461/461 | Loss=0.011572 | diff=0.0109 | coarse=0.0082 | 37.3s
Epoch 4/120 | Loss=0.298662 | Val RMSE=74.5130 | Val MAE=72.2334 | Val MAPE=333.47% | LR=7.00e-04 | 62.4s
  [BEST] epoch=4, val_rmse=74.5130
[INFO] start epoch 5/120
  Epoch 5 Batch 50/461 | Loss=0.202163 | diff=0.1845 | coarse=0.2202 | 4.0s
  Epoch 5 Batch 100/461 | Loss=0.256602 | diff=0.2293 | coarse=0.3410 | 8.0s
  Epoch 5 Batch 150/461 | Loss=0.228295 | diff=0.2092 | coarse=0.2387 | 12.0s
  Epoch 5 Batch 200/461 | Loss=0.251275 | diff=0.2328 | coarse=0.2305 | 16.0s
  Epoch 5 Batch 250/461 | Loss=0.398475 | diff=0.3762 | coarse=0.2783 | 19.9s
  Epoch 5 Batch 300/461 | Loss=0.503629 | diff=0.4708 | coarse=0.4103 | 23.7s
  Epoch 5 Batch 350/461 | Loss=0.190227 | diff=0.1747 | coarse=0.1938 | 27.7s
  Epoch 5 Batch 400/461 | Loss=0.288282 | diff=0.2686 | coarse=0.2458 | 31.7s
  Epoch 5 Batch 450/461 | Loss=0.305721 | diff=0.2861 | coarse=0.2452 | 35.8s
  Epoch 5 Batch 461/461 | Loss=0.011124 | diff=0.0105 | coarse=0.0084 | 36.7s
Epoch 5/120 | Loss=0.289061 | Val RMSE=65.5280 | Val MAE=63.1665 | Val MAPE=293.97% | LR=7.00e-04 | 59.6s
  [BEST] epoch=5, val_rmse=65.5280
[INFO] start epoch 6/120
  Epoch 6 Batch 50/461 | Loss=0.180690 | diff=0.1672 | coarse=0.1688 | 3.9s
  Epoch 6 Batch 100/461 | Loss=0.240198 | diff=0.2142 | coarse=0.3254 | 8.0s
  Epoch 6 Batch 150/461 | Loss=0.218871 | diff=0.2017 | coarse=0.2146 | 12.1s
  Epoch 6 Batch 200/461 | Loss=0.245700 | diff=0.2278 | coarse=0.2238 | 16.1s
  Epoch 6 Batch 250/461 | Loss=0.414550 | diff=0.3939 | coarse=0.2584 | 20.1s
  Epoch 6 Batch 300/461 | Loss=0.484104 | diff=0.4505 | coarse=0.4204 | 24.1s
  Epoch 6 Batch 350/461 | Loss=0.182590 | diff=0.1680 | coarse=0.1826 | 28.4s
  Epoch 6 Batch 400/461 | Loss=0.271986 | diff=0.2529 | coarse=0.2390 | 32.7s
  Epoch 6 Batch 450/461 | Loss=0.296818 | diff=0.2777 | coarse=0.2386 | 36.8s
  Epoch 6 Batch 461/461 | Loss=0.010889 | diff=0.0102 | coarse=0.0085 | 37.6s
Epoch 6/120 | Loss=0.269394 | Val RMSE=55.0571 | Val MAE=52.5875 | Val MAPE=246.26% | LR=7.00e-04 | 62.8s
  [BEST] epoch=6, val_rmse=55.0571
[INFO] start epoch 7/120
  Epoch 7 Batch 50/461 | Loss=0.177569 | diff=0.1644 | coarse=0.1640 | 4.0s
  Epoch 7 Batch 100/461 | Loss=0.228963 | diff=0.2065 | coarse=0.2813 | 8.0s
  Epoch 7 Batch 150/461 | Loss=0.205982 | diff=0.1900 | coarse=0.1997 | 12.1s
  Epoch 7 Batch 200/461 | Loss=0.226872 | diff=0.2098 | coarse=0.2139 | 16.2s
  Epoch 7 Batch 250/461 | Loss=0.399200 | diff=0.3784 | coarse=0.2600 | 20.2s
  Epoch 7 Batch 300/461 | Loss=0.454247 | diff=0.4255 | coarse=0.3600 | 24.2s
  Epoch 7 Batch 350/461 | Loss=0.178104 | diff=0.1635 | coarse=0.1821 | 28.2s
  Epoch 7 Batch 400/461 | Loss=0.252610 | diff=0.2340 | coarse=0.2321 | 32.2s
  Epoch 7 Batch 450/461 | Loss=0.282468 | diff=0.2645 | coarse=0.2249 | 36.4s
  Epoch 7 Batch 461/461 | Loss=0.010444 | diff=0.0098 | coarse=0.0081 | 37.2s
Epoch 7/120 | Loss=0.254630 | Val RMSE=49.0529 | Val MAE=46.5018 | Val MAPE=218.33% | LR=6.99e-04 | 62.3s
  [BEST] epoch=7, val_rmse=49.0529
[INFO] start epoch 8/120
  Epoch 8 Batch 50/461 | Loss=0.169961 | diff=0.1570 | coarse=0.1615 | 3.9s
  Epoch 8 Batch 100/461 | Loss=0.226301 | diff=0.2054 | coarse=0.2619 | 8.1s
  Epoch 8 Batch 150/461 | Loss=0.195045 | diff=0.1798 | coarse=0.1904 | 12.3s
  Epoch 8 Batch 200/461 | Loss=0.216062 | diff=0.1998 | coarse=0.2034 | 16.1s
  Epoch 8 Batch 250/461 | Loss=0.371929 | diff=0.3517 | coarse=0.2526 | 20.2s
  Epoch 8 Batch 300/461 | Loss=0.425642 | diff=0.3995 | coarse=0.3271 | 24.2s
  Epoch 8 Batch 350/461 | Loss=0.173332 | diff=0.1592 | coarse=0.1762 | 28.2s
  Epoch 8 Batch 400/461 | Loss=0.248949 | diff=0.2301 | coarse=0.2352 | 32.3s
  Epoch 8 Batch 450/461 | Loss=0.258483 | diff=0.2426 | coarse=0.1991 | 36.3s
  Epoch 8 Batch 461/461 | Loss=0.010422 | diff=0.0098 | coarse=0.0080 | 37.1s
Epoch 8/120 | Loss=0.241256 | Val RMSE=43.2424 | Val MAE=40.7058 | Val MAPE=191.94% | LR=6.99e-04 | 62.3s
  [BEST] epoch=8, val_rmse=43.2424
[INFO] start epoch 9/120
  Epoch 9 Batch 50/461 | Loss=0.166056 | diff=0.1533 | coarse=0.1599 | 4.0s
  Epoch 9 Batch 100/461 | Loss=0.217437 | diff=0.1971 | coarse=0.2544 | 8.3s
  Epoch 9 Batch 150/461 | Loss=0.189961 | diff=0.1747 | coarse=0.1902 | 12.2s
  Epoch 9 Batch 200/461 | Loss=0.203765 | diff=0.1886 | coarse=0.1890 | 16.2s
  Epoch 9 Batch 250/461 | Loss=0.346411 | diff=0.3275 | coarse=0.2367 | 20.2s
  Epoch 9 Batch 300/461 | Loss=0.400325 | diff=0.3764 | coarse=0.2993 | 24.3s
  Epoch 9 Batch 350/461 | Loss=0.161695 | diff=0.1486 | coarse=0.1643 | 28.7s
  Epoch 9 Batch 400/461 | Loss=0.228658 | diff=0.2115 | coarse=0.2140 | 32.7s
  Epoch 9 Batch 450/461 | Loss=0.240634 | diff=0.2257 | coarse=0.1861 | 36.8s
  Epoch 9 Batch 461/461 | Loss=0.010052 | diff=0.0095 | coarse=0.0075 | 37.7s
Epoch 9/120 | Loss=0.228960 | Val RMSE=37.6312 | Val MAE=35.0977 | Val MAPE=166.24% | LR=6.98e-04 | 62.8s
  [BEST] epoch=9, val_rmse=37.6312
[INFO] start epoch 10/120
  Epoch 10 Batch 50/461 | Loss=0.162126 | diff=0.1495 | coarse=0.1576 | 3.9s
  Epoch 10 Batch 100/461 | Loss=0.207458 | diff=0.1871 | coarse=0.2546 | 8.0s
  Epoch 10 Batch 150/461 | Loss=0.178470 | diff=0.1634 | coarse=0.1885 | 12.0s
  Epoch 10 Batch 200/461 | Loss=0.192815 | diff=0.1785 | coarse=0.1786 | 15.9s
  Epoch 10 Batch 250/461 | Loss=0.326052 | diff=0.3084 | coarse=0.2211 | 20.0s
  Epoch 10 Batch 300/461 | Loss=0.371944 | diff=0.3503 | coarse=0.2712 | 24.4s
  Epoch 10 Batch 350/461 | Loss=0.152404 | diff=0.1403 | coarse=0.1517 | 28.7s
  Epoch 10 Batch 400/461 | Loss=0.205127 | diff=0.1902 | coarse=0.1866 | 32.9s
  Epoch 10 Batch 450/461 | Loss=0.229912 | diff=0.2155 | coarse=0.1801 | 37.4s
  Epoch 10 Batch 461/461 | Loss=0.008405 | diff=0.0079 | coarse=0.0066 | 38.4s
Epoch 10/120 | Loss=0.217782 | Val RMSE=32.6632 | Val MAE=29.9000 | Val MAPE=143.13% | LR=6.97e-04 | 63.7s
  [BEST] epoch=10, val_rmse=32.6632
[INFO] start epoch 11/120
  Epoch 11 Batch 50/461 | Loss=0.157781 | diff=0.1457 | coarse=0.1514 | 3.9s
  Epoch 11 Batch 100/461 | Loss=0.198852 | diff=0.1799 | coarse=0.2366 | 7.9s
  Epoch 11 Batch 150/461 | Loss=0.171198 | diff=0.1572 | coarse=0.1745 | 11.8s
  Epoch 11 Batch 200/461 | Loss=0.181584 | diff=0.1681 | coarse=0.1688 | 15.8s
  Epoch 11 Batch 250/461 | Loss=0.321268 | diff=0.3040 | coarse=0.2152 | 20.0s
  Epoch 11 Batch 300/461 | Loss=0.359779 | diff=0.3392 | coarse=0.2576 | 24.4s
  Epoch 11 Batch 350/461 | Loss=0.148233 | diff=0.1367 | coarse=0.1440 | 28.4s
  Epoch 11 Batch 400/461 | Loss=0.188559 | diff=0.1747 | coarse=0.1734 | 32.5s
  Epoch 11 Batch 450/461 | Loss=0.219636 | diff=0.2058 | coarse=0.1730 | 36.4s
  Epoch 11 Batch 461/461 | Loss=0.008053 | diff=0.0076 | coarse=0.0061 | 37.3s
Epoch 11/120 | Loss=0.207883 | Val RMSE=28.5648 | Val MAE=25.5377 | Val MAPE=123.29% | LR=6.95e-04 | 62.4s
  [BEST] epoch=11, val_rmse=28.5648
[INFO] start epoch 12/120
  Epoch 12 Batch 50/461 | Loss=0.154417 | diff=0.1422 | coarse=0.1525 | 3.8s
  Epoch 12 Batch 100/461 | Loss=0.184489 | diff=0.1670 | coarse=0.2189 | 7.9s
  Epoch 12 Batch 150/461 | Loss=0.172921 | diff=0.1601 | coarse=0.1607 | 11.9s
  Epoch 12 Batch 200/461 | Loss=0.171511 | diff=0.1584 | coarse=0.1640 | 15.9s
  Epoch 12 Batch 250/461 | Loss=0.308364 | diff=0.2917 | coarse=0.2088 | 20.2s
  Epoch 12 Batch 300/461 | Loss=0.361941 | diff=0.3403 | coarse=0.2699 | 24.5s
  Epoch 12 Batch 350/461 | Loss=0.163428 | diff=0.1501 | coarse=0.1669 | 28.6s
  Epoch 12 Batch 400/461 | Loss=0.170782 | diff=0.1587 | coarse=0.1513 | 32.9s
  Epoch 12 Batch 450/461 | Loss=0.211587 | diff=0.1986 | coarse=0.1627 | 37.3s
  Epoch 12 Batch 461/461 | Loss=0.007473 | diff=0.0070 | coarse=0.0056 | 38.2s
Epoch 12/120 | Loss=0.201449 | Val RMSE=25.6819 | Val MAE=22.3893 | Val MAPE=108.19% | LR=6.94e-04 | 62.9s
  [BEST] epoch=12, val_rmse=25.6819
[INFO] start epoch 13/120
  Epoch 13 Batch 50/461 | Loss=0.150830 | diff=0.1385 | coarse=0.1546 | 3.9s
  Epoch 13 Batch 100/461 | Loss=0.177265 | diff=0.1606 | coarse=0.2082 | 7.9s
  Epoch 13 Batch 150/461 | Loss=0.166094 | diff=0.1539 | coarse=0.1529 | 12.0s
  Epoch 13 Batch 200/461 | Loss=0.163614 | diff=0.1507 | coarse=0.1620 | 15.9s
  Epoch 13 Batch 250/461 | Loss=0.283229 | diff=0.2665 | coarse=0.2093 | 19.9s
  Epoch 13 Batch 300/461 | Loss=0.344704 | diff=0.3237 | coarse=0.2627 | 23.9s
  Epoch 13 Batch 350/461 | Loss=0.155618 | diff=0.1424 | coarse=0.1648 | 28.2s
  Epoch 13 Batch 400/461 | Loss=0.170319 | diff=0.1579 | coarse=0.1548 | 32.5s
  Epoch 13 Batch 450/461 | Loss=0.206860 | diff=0.1936 | coarse=0.1663 | 36.5s
  Epoch 13 Batch 461/461 | Loss=0.006852 | diff=0.0064 | coarse=0.0053 | 37.4s
Epoch 13/120 | Loss=0.192012 | Val RMSE=22.6134 | Val MAE=19.2943 | Val MAPE=93.15% | LR=6.92e-04 | 62.6s
  [BEST] epoch=13, val_rmse=22.6134
[INFO] start epoch 14/120
  Epoch 14 Batch 50/461 | Loss=0.148589 | diff=0.1371 | coarse=0.1431 | 4.0s
  Epoch 14 Batch 100/461 | Loss=0.165786 | diff=0.1508 | coarse=0.1874 | 8.0s
  Epoch 14 Batch 150/461 | Loss=0.160928 | diff=0.1489 | coarse=0.1504 | 12.1s
  Epoch 14 Batch 200/461 | Loss=0.162825 | diff=0.1495 | coarse=0.1664 | 16.1s
  Epoch 14 Batch 250/461 | Loss=0.282571 | diff=0.2649 | coarse=0.2212 | 20.2s
  Epoch 14 Batch 300/461 | Loss=0.340767 | diff=0.3189 | coarse=0.2738 | 24.3s
  Epoch 14 Batch 350/461 | Loss=0.148194 | diff=0.1370 | coarse=0.1394 | 28.4s
  Epoch 14 Batch 400/461 | Loss=0.168363 | diff=0.1559 | coarse=0.1558 | 32.4s
  Epoch 14 Batch 450/461 | Loss=0.196466 | diff=0.1838 | coarse=0.1587 | 36.3s
  Epoch 14 Batch 461/461 | Loss=0.006470 | diff=0.0060 | coarse=0.0053 | 37.2s
Epoch 14/120 | Loss=0.183117 | Val RMSE=21.0337 | Val MAE=17.7272 | Val MAPE=85.51% | LR=6.89e-04 | 60.0s
  [BEST] epoch=14, val_rmse=21.0337
[INFO] start epoch 15/120
  Epoch 15 Batch 50/461 | Loss=0.140537 | diff=0.1295 | coarse=0.1377 | 4.1s
  Epoch 15 Batch 100/461 | Loss=0.158705 | diff=0.1434 | coarse=0.1908 | 8.1s
  Epoch 15 Batch 150/461 | Loss=0.178177 | diff=0.1656 | coarse=0.1574 | 12.2s
  Epoch 15 Batch 200/461 | Loss=0.160182 | diff=0.1469 | coarse=0.1665 | 16.2s
  Epoch 15 Batch 250/461 | Loss=0.283424 | diff=0.2657 | coarse=0.2220 | 20.7s
  Epoch 15 Batch 300/461 | Loss=0.316959 | diff=0.2960 | coarse=0.2614 | 24.7s
  Epoch 15 Batch 350/461 | Loss=0.155221 | diff=0.1443 | coarse=0.1360 | 28.7s
  Epoch 15 Batch 400/461 | Loss=0.158173 | diff=0.1463 | coarse=0.1484 | 32.7s
  Epoch 15 Batch 450/461 | Loss=0.204832 | diff=0.1916 | coarse=0.1648 | 36.7s
  Epoch 15 Batch 461/461 | Loss=0.006639 | diff=0.0062 | coarse=0.0050 | 37.5s
Epoch 15/120 | Loss=0.174154 | Val RMSE=18.9847 | Val MAE=15.4168 | Val MAPE=73.08% | LR=6.87e-04 | 62.7s
  [BEST] epoch=15, val_rmse=18.9847
[INFO] start epoch 16/120
  Epoch 16 Batch 50/461 | Loss=0.138503 | diff=0.1274 | coarse=0.1387 | 3.9s
  Epoch 16 Batch 100/461 | Loss=0.152446 | diff=0.1396 | coarse=0.1605 | 8.0s
  Epoch 16 Batch 150/461 | Loss=0.186445 | diff=0.1733 | coarse=0.1642 | 12.0s
  Epoch 16 Batch 200/461 | Loss=0.154947 | diff=0.1429 | coarse=0.1508 | 16.0s
  Epoch 16 Batch 250/461 | Loss=0.229465 | diff=0.2134 | coarse=0.2005 | 20.0s
  Epoch 16 Batch 300/461 | Loss=0.263853 | diff=0.2458 | coarse=0.2253 | 24.0s
  Epoch 16 Batch 350/461 | Loss=0.142249 | diff=0.1323 | coarse=0.1243 | 28.0s
  Epoch 16 Batch 400/461 | Loss=0.147883 | diff=0.1365 | coarse=0.1422 | 32.0s
  Epoch 16 Batch 450/461 | Loss=0.192409 | diff=0.1796 | coarse=0.1600 | 36.0s
  Epoch 16 Batch 461/461 | Loss=0.006562 | diff=0.0062 | coarse=0.0050 | 36.8s
Epoch 16/120 | Loss=0.166204 | Val RMSE=17.0506 | Val MAE=13.5647 | Val MAPE=63.60% | LR=6.84e-04 | 60.2s
  [BEST] epoch=16, val_rmse=17.0506
[INFO] start epoch 17/120
  Epoch 17 Batch 50/461 | Loss=0.136821 | diff=0.1260 | coarse=0.1354 | 3.8s
  Epoch 17 Batch 100/461 | Loss=0.148439 | diff=0.1365 | coarse=0.1496 | 7.9s
  Epoch 17 Batch 150/461 | Loss=0.164912 | diff=0.1530 | coarse=0.1493 | 12.0s
  Epoch 17 Batch 200/461 | Loss=0.146387 | diff=0.1344 | coarse=0.1496 | 16.2s
  Epoch 17 Batch 250/461 | Loss=0.225849 | diff=0.2101 | coarse=0.1972 | 20.6s
  Epoch 17 Batch 300/461 | Loss=0.247639 | diff=0.2292 | coarse=0.2302 | 24.8s
  Epoch 17 Batch 350/461 | Loss=0.135466 | diff=0.1257 | coarse=0.1225 | 28.8s
  Epoch 17 Batch 400/461 | Loss=0.137723 | diff=0.1270 | coarse=0.1342 | 32.8s
  Epoch 17 Batch 450/461 | Loss=0.182411 | diff=0.1705 | coarse=0.1488 | 36.8s
  Epoch 17 Batch 461/461 | Loss=0.006501 | diff=0.0061 | coarse=0.0055 | 37.7s
Epoch 17/120 | Loss=0.158310 | Val RMSE=16.4967 | Val MAE=13.0652 | Val MAPE=60.43% | LR=6.81e-04 | 62.8s
  [BEST] epoch=17, val_rmse=16.4967
[INFO] start epoch 18/120
  Epoch 18 Batch 50/461 | Loss=0.136696 | diff=0.1258 | coarse=0.1357 | 3.9s
  Epoch 18 Batch 100/461 | Loss=0.159233 | diff=0.1438 | coarse=0.1933 | 7.9s
  Epoch 18 Batch 150/461 | Loss=0.192181 | diff=0.1791 | coarse=0.1635 | 11.9s
  Epoch 18 Batch 200/461 | Loss=0.139013 | diff=0.1274 | coarse=0.1453 | 15.9s
  Epoch 18 Batch 250/461 | Loss=0.235400 | diff=0.2187 | coarse=0.2090 | 19.9s
  Epoch 18 Batch 300/461 | Loss=0.201582 | diff=0.1870 | coarse=0.1829 | 24.0s
  Epoch 18 Batch 350/461 | Loss=0.138831 | diff=0.1289 | coarse=0.1235 | 28.4s
  Epoch 18 Batch 400/461 | Loss=0.131926 | diff=0.1213 | coarse=0.1329 | 32.6s
  Epoch 18 Batch 450/461 | Loss=0.182697 | diff=0.1701 | coarse=0.1573 | 36.6s
  Epoch 18 Batch 461/461 | Loss=0.006407 | diff=0.0060 | coarse=0.0056 | 37.5s
Epoch 18/120 | Loss=0.155739 | Val RMSE=15.6800 | Val MAE=12.0574 | Val MAPE=54.70% | LR=6.78e-04 | 62.6s
  [BEST] epoch=18, val_rmse=15.6800
[INFO] start epoch 19/120
  Epoch 19 Batch 50/461 | Loss=0.133039 | diff=0.1223 | coarse=0.1338 | 4.0s
  Epoch 19 Batch 100/461 | Loss=0.152732 | diff=0.1392 | coarse=0.1696 | 8.1s
  Epoch 19 Batch 150/461 | Loss=0.159342 | diff=0.1474 | coarse=0.1493 | 11.9s
  Epoch 19 Batch 200/461 | Loss=0.137454 | diff=0.1264 | coarse=0.1380 | 16.1s
  Epoch 19 Batch 250/461 | Loss=0.235055 | diff=0.2187 | coarse=0.2041 | 20.2s
  Epoch 19 Batch 300/461 | Loss=0.216304 | diff=0.2008 | coarse=0.1934 | 24.1s
  Epoch 19 Batch 350/461 | Loss=0.120049 | diff=0.1107 | coarse=0.1166 | 28.2s
  Epoch 19 Batch 400/461 | Loss=0.134041 | diff=0.1234 | coarse=0.1329 | 32.6s
  Epoch 19 Batch 450/461 | Loss=0.202790 | diff=0.1901 | coarse=0.1590 | 36.6s
  Epoch 19 Batch 461/461 | Loss=0.006767 | diff=0.0061 | coarse=0.0077 | 37.5s
Epoch 19/120 | Loss=0.156611 | Val RMSE=17.7219 | Val MAE=14.4634 | Val MAPE=67.18% | LR=6.75e-04 | 62.7s
[INFO] start epoch 20/120
  Epoch 20 Batch 50/461 | Loss=0.154078 | diff=0.1420 | coarse=0.1508 | 3.8s
  Epoch 20 Batch 100/461 | Loss=0.167369 | diff=0.1547 | coarse=0.1584 | 7.7s
  Epoch 20 Batch 150/461 | Loss=0.141039 | diff=0.1299 | coarse=0.1393 | 11.8s
  Epoch 20 Batch 200/461 | Loss=0.180351 | diff=0.1670 | coarse=0.1672 | 15.8s
  Epoch 20 Batch 250/461 | Loss=0.246202 | diff=0.2292 | coarse=0.2124 | 19.9s
  Epoch 20 Batch 300/461 | Loss=0.205834 | diff=0.1916 | coarse=0.1774 | 23.8s
  Epoch 20 Batch 350/461 | Loss=0.123731 | diff=0.1143 | coarse=0.1174 | 27.9s
  Epoch 20 Batch 400/461 | Loss=0.135874 | diff=0.1255 | coarse=0.1291 | 31.9s
  Epoch 20 Batch 450/461 | Loss=0.176188 | diff=0.1636 | coarse=0.1568 | 35.9s
  Epoch 20 Batch 461/461 | Loss=0.006340 | diff=0.0058 | coarse=0.0067 | 36.7s
Epoch 20/120 | Loss=0.157877 | Val RMSE=17.3001 | Val MAE=13.8777 | Val MAPE=64.26% | LR=6.71e-04 | 61.9s
[INFO] start epoch 21/120
  Epoch 21 Batch 50/461 | Loss=0.129612 | diff=0.1193 | coarse=0.1293 | 3.9s
  Epoch 21 Batch 100/461 | Loss=0.151861 | diff=0.1383 | coarse=0.1698 | 8.0s
  Epoch 21 Batch 150/461 | Loss=0.145817 | diff=0.1339 | coarse=0.1495 | 12.0s
  Epoch 21 Batch 200/461 | Loss=0.130499 | diff=0.1204 | coarse=0.1268 | 16.0s
  Epoch 21 Batch 250/461 | Loss=0.217184 | diff=0.2018 | coarse=0.1917 | 20.1s
  Epoch 21 Batch 300/461 | Loss=0.219612 | diff=0.2051 | coarse=0.1814 | 24.0s
  Epoch 21 Batch 350/461 | Loss=0.122301 | diff=0.1133 | coarse=0.1127 | 27.9s
  Epoch 21 Batch 400/461 | Loss=0.121298 | diff=0.1116 | coarse=0.1206 | 32.1s
  Epoch 21 Batch 450/461 | Loss=0.156851 | diff=0.1454 | coarse=0.1431 | 36.2s
  Epoch 21 Batch 461/461 | Loss=0.006093 | diff=0.0055 | coarse=0.0068 | 37.0s
Epoch 21/120 | Loss=0.145156 | Val RMSE=16.9875 | Val MAE=13.4666 | Val MAPE=61.75% | LR=6.67e-04 | 61.8s
[INFO] start epoch 22/120
  Epoch 22 Batch 50/461 | Loss=0.126962 | diff=0.1169 | coarse=0.1263 | 4.0s
  Epoch 22 Batch 100/461 | Loss=0.147087 | diff=0.1354 | coarse=0.1456 | 8.0s
  Epoch 22 Batch 150/461 | Loss=0.155415 | diff=0.1445 | coarse=0.1360 | 12.0s
  Epoch 22 Batch 200/461 | Loss=0.166548 | diff=0.1546 | coarse=0.1491 | 16.0s
  Epoch 22 Batch 250/461 | Loss=0.215740 | diff=0.2001 | coarse=0.1949 | 20.0s
  Epoch 22 Batch 300/461 | Loss=0.217579 | diff=0.2030 | coarse=0.1826 | 24.4s
  Epoch 22 Batch 350/461 | Loss=0.130158 | diff=0.1210 | coarse=0.1142 | 28.5s
  Epoch 22 Batch 400/461 | Loss=0.115934 | diff=0.1066 | coarse=0.1170 | 32.7s
  Epoch 22 Batch 450/461 | Loss=0.150694 | diff=0.1399 | coarse=0.1349 | 37.1s
  Epoch 22 Batch 461/461 | Loss=0.005698 | diff=0.0053 | coarse=0.0053 | 38.0s
Epoch 22/120 | Loss=0.141720 | Val RMSE=15.7215 | Val MAE=12.3016 | Val MAPE=55.85% | LR=6.63e-04 | 63.1s
[INFO] start epoch 23/120
  [WARN] skip non-finite grad at epoch 23 batch 28
  Epoch 23 Batch 50/461 | Loss=0.145644 | diff=0.1347 | coarse=0.1362 | 4.0s
  Epoch 23 Batch 100/461 | Loss=0.149369 | diff=0.1377 | coarse=0.1460 | 7.9s
  Epoch 23 Batch 150/461 | Loss=0.136284 | diff=0.1248 | coarse=0.1439 | 12.2s
  Epoch 23 Batch 200/461 | Loss=0.127487 | diff=0.1178 | coarse=0.1207 | 16.4s
  Epoch 23 Batch 250/461 | Loss=0.211137 | diff=0.1958 | coarse=0.1914 | 20.3s
  Epoch 23 Batch 300/461 | Loss=0.201134 | diff=0.1864 | coarse=0.1837 | 24.3s
  Epoch 23 Batch 350/461 | Loss=0.122459 | diff=0.1130 | coarse=0.1179 | 28.4s
  Epoch 23 Batch 400/461 | Loss=0.119439 | diff=0.1098 | coarse=0.1202 | 32.3s
  Epoch 23 Batch 450/461 | Loss=0.159723 | diff=0.1466 | coarse=0.1635 | 36.4s
  Epoch 23 Batch 461/461 | Loss=0.006785 | diff=0.0062 | coarse=0.0072 | 37.2s
Epoch 23/120 | Loss=0.143527 | Val RMSE=14.8186 | Val MAE=11.3062 | Val MAPE=50.71% | LR=6.59e-04 | 61.7s
  [BEST] epoch=23, val_rmse=14.8186
[INFO] start epoch 24/120
  Epoch 24 Batch 50/461 | Loss=0.130416 | diff=0.1204 | coarse=0.1253 | 4.0s
  Epoch 24 Batch 100/461 | Loss=0.137698 | diff=0.1260 | coarse=0.1458 | 8.1s
  Epoch 24 Batch 150/461 | Loss=0.132731 | diff=0.1212 | coarse=0.1437 | 12.1s
  Epoch 24 Batch 200/461 | Loss=0.121681 | diff=0.1124 | coarse=0.1162 | 16.2s
  Epoch 24 Batch 250/461 | Loss=0.173058 | diff=0.1600 | coarse=0.1630 | 20.2s
  Epoch 24 Batch 300/461 | Loss=0.178898 | diff=0.1656 | coarse=0.1659 | 24.2s
  Epoch 24 Batch 350/461 | Loss=0.127464 | diff=0.1175 | coarse=0.1251 | 28.2s
  Epoch 24 Batch 400/461 | Loss=0.130988 | diff=0.1206 | coarse=0.1299 | 32.2s
  Epoch 24 Batch 450/461 | Loss=0.199002 | diff=0.1833 | coarse=0.1961 | 36.2s
  Epoch 24 Batch 461/461 | Loss=0.005931 | diff=0.0055 | coarse=0.0054 | 37.0s
Epoch 24/120 | Loss=0.136489 | Val RMSE=16.4262 | Val MAE=12.6811 | Val MAPE=58.66% | LR=6.54e-04 | 63.1s
[INFO] start epoch 25/120
  Epoch 25 Batch 50/461 | Loss=0.117686 | diff=0.1082 | coarse=0.1182 | 3.9s
  Epoch 25 Batch 100/461 | Loss=0.147838 | diff=0.1352 | coarse=0.1575 | 7.9s
  Epoch 25 Batch 150/461 | Loss=0.131580 | diff=0.1204 | coarse=0.1400 | 11.9s
  Epoch 25 Batch 200/461 | Loss=0.130743 | diff=0.1207 | coarse=0.1255 | 15.9s
  Epoch 25 Batch 250/461 | Loss=0.205131 | diff=0.1918 | coarse=0.1661 | 19.9s
  Epoch 25 Batch 300/461 | Loss=0.199603 | diff=0.1871 | coarse=0.1567 | 24.0s
  Epoch 25 Batch 350/461 | Loss=0.113458 | diff=0.1028 | coarse=0.1333 | 28.0s
  Epoch 25 Batch 400/461 | Loss=0.136192 | diff=0.1251 | coarse=0.1387 | 32.5s
  Epoch 25 Batch 450/461 | Loss=0.162825 | diff=0.1503 | coarse=0.1565 | 36.7s
  Epoch 25 Batch 461/461 | Loss=0.007588 | diff=0.0072 | coarse=0.0052 | 37.6s
Epoch 25/120 | Loss=0.140853 | Val RMSE=14.5559 | Val MAE=10.8631 | Val MAPE=47.95% | LR=6.49e-04 | 60.6s
  [BEST] epoch=25, val_rmse=14.5559
[INFO] start epoch 26/120
  Epoch 26 Batch 50/461 | Loss=0.116947 | diff=0.1075 | coarse=0.1185 | 4.0s
  Epoch 26 Batch 100/461 | Loss=0.149332 | diff=0.1372 | coarse=0.1517 | 8.1s
  Epoch 26 Batch 150/461 | Loss=0.129094 | diff=0.1187 | coarse=0.1295 | 12.5s
  Epoch 26 Batch 200/461 | Loss=0.140432 | diff=0.1288 | coarse=0.1449 | 16.8s
  Epoch 26 Batch 250/461 | Loss=0.280416 | diff=0.2612 | coarse=0.2404 | 21.1s
  Epoch 26 Batch 300/461 | Loss=0.203319 | diff=0.1901 | coarse=0.1655 | 25.4s
  Epoch 26 Batch 350/461 | Loss=0.115778 | diff=0.1047 | coarse=0.1381 | 29.3s
  Epoch 26 Batch 400/461 | Loss=0.139660 | diff=0.1269 | coarse=0.1595 | 33.3s
  Epoch 26 Batch 450/461 | Loss=0.149726 | diff=0.1378 | coarse=0.1489 | 37.3s
  Epoch 26 Batch 461/461 | Loss=0.006132 | diff=0.0057 | coarse=0.0055 | 38.2s
Epoch 26/120 | Loss=0.145620 | Val RMSE=15.7905 | Val MAE=12.0853 | Val MAPE=55.56% | LR=6.44e-04 | 63.3s
[INFO] start epoch 27/120
  Epoch 27 Batch 50/461 | Loss=0.122123 | diff=0.1123 | coarse=0.1227 | 4.0s
  Epoch 27 Batch 100/461 | Loss=0.182377 | diff=0.1692 | coarse=0.1646 | 8.1s
  Epoch 27 Batch 150/461 | Loss=0.119004 | diff=0.1092 | coarse=0.1229 | 12.1s
  Epoch 27 Batch 200/461 | Loss=0.124255 | diff=0.1142 | coarse=0.1258 | 16.1s
  Epoch 27 Batch 250/461 | Loss=0.233287 | diff=0.2173 | coarse=0.1995 | 20.5s
  Epoch 27 Batch 300/461 | Loss=0.206926 | diff=0.1934 | coarse=0.1692 | 24.7s
  Epoch 27 Batch 350/461 | Loss=0.103884 | diff=0.0933 | coarse=0.1322 | 28.7s
  Epoch 27 Batch 400/461 | Loss=0.116344 | diff=0.1067 | coarse=0.1204 | 32.7s
  Epoch 27 Batch 450/461 | Loss=0.133560 | diff=0.1224 | coarse=0.1391 | 36.7s
  Epoch 27 Batch 461/461 | Loss=0.007183 | diff=0.0068 | coarse=0.0048 | 37.6s
Epoch 27/120 | Loss=0.135518 | Val RMSE=14.3531 | Val MAE=10.7834 | Val MAPE=48.05% | LR=6.39e-04 | 62.8s
  [BEST] epoch=27, val_rmse=14.3531
[INFO] start epoch 28/120
  [WARN] skip non-finite grad at epoch 28 batch 28
  Epoch 28 Batch 50/461 | Loss=0.112498 | diff=0.1027 | coarse=0.1231 | 3.9s
  Epoch 28 Batch 100/461 | Loss=0.199313 | diff=0.1845 | coarse=0.1848 | 7.9s
  Epoch 28 Batch 150/461 | Loss=0.131974 | diff=0.1210 | coarse=0.1367 | 12.3s
  Epoch 28 Batch 200/461 | Loss=0.134689 | diff=0.1239 | coarse=0.1352 | 16.5s
  Epoch 28 Batch 250/461 | Loss=0.251723 | diff=0.2340 | coarse=0.2217 | 20.6s
  Epoch 28 Batch 300/461 | Loss=0.214792 | diff=0.1995 | coarse=0.1910 | 24.9s
  Epoch 28 Batch 350/461 | Loss=0.109814 | diff=0.1002 | coarse=0.1197 | 29.2s
  Epoch 28 Batch 400/461 | Loss=0.118909 | diff=0.1090 | coarse=0.1233 | 33.2s
  Epoch 28 Batch 450/461 | Loss=0.124470 | diff=0.1146 | coarse=0.1239 | 37.2s
  Epoch 28 Batch 461/461 | Loss=0.007178 | diff=0.0068 | coarse=0.0049 | 38.0s
Epoch 28/120 | Loss=0.136078 | Val RMSE=13.5333 | Val MAE=9.8737 | Val MAPE=43.16% | LR=6.33e-04 | 63.2s
  [BEST] epoch=28, val_rmse=13.5333
[INFO] start epoch 29/120
  Epoch 29 Batch 50/461 | Loss=0.143902 | diff=0.1339 | coarse=0.1252 | 4.0s
  Epoch 29 Batch 100/461 | Loss=0.139110 | diff=0.1268 | coarse=0.1542 | 8.1s
  Epoch 29 Batch 150/461 | Loss=0.117239 | diff=0.1076 | coarse=0.1203 | 12.1s
  Epoch 29 Batch 200/461 | Loss=0.123084 | diff=0.1135 | coarse=0.1200 | 16.2s
  Epoch 29 Batch 250/461 | Loss=0.218682 | diff=0.2002 | coarse=0.2310 | 20.1s
  Epoch 29 Batch 300/461 | Loss=0.215123 | diff=0.2012 | coarse=0.1745 | 24.2s
  Epoch 29 Batch 350/461 | Loss=0.101297 | diff=0.0932 | coarse=0.1010 | 28.3s
  Epoch 29 Batch 400/461 | Loss=0.137287 | diff=0.1253 | coarse=0.1492 | 32.2s
  Epoch 29 Batch 450/461 | Loss=0.129994 | diff=0.1201 | coarse=0.1240 | 36.3s
  Epoch 29 Batch 461/461 | Loss=0.005952 | diff=0.0056 | coarse=0.0047 | 37.2s
Epoch 29/120 | Loss=0.135034 | Val RMSE=14.3388 | Val MAE=10.3137 | Val MAPE=44.63% | LR=6.27e-04 | 62.3s
[INFO] start epoch 30/120
  Epoch 30 Batch 50/461 | Loss=0.192946 | diff=0.1798 | coarse=0.1649 | 4.0s
  Epoch 30 Batch 100/461 | Loss=0.127966 | diff=0.1174 | coarse=0.1316 | 8.1s
  Epoch 30 Batch 150/461 | Loss=0.115278 | diff=0.1052 | coarse=0.1258 | 12.0s
  Epoch 30 Batch 200/461 | Loss=0.119762 | diff=0.1099 | coarse=0.1235 | 16.1s
  Epoch 30 Batch 250/461 | Loss=0.215601 | diff=0.1964 | coarse=0.2401 | 19.9s
  Epoch 30 Batch 300/461 | Loss=0.191608 | diff=0.1790 | coarse=0.1570 | 24.0s
  Epoch 30 Batch 350/461 | Loss=0.109980 | diff=0.1018 | coarse=0.1026 | 28.2s
  Epoch 30 Batch 400/461 | Loss=0.119600 | diff=0.1087 | coarse=0.1367 | 32.2s
  Epoch 30 Batch 450/461 | Loss=0.127416 | diff=0.1179 | coarse=0.1190 | 36.3s
  Epoch 30 Batch 461/461 | Loss=0.004947 | diff=0.0046 | coarse=0.0039 | 37.2s
Epoch 30/120 | Loss=0.132466 | Val RMSE=14.6772 | Val MAE=10.8204 | Val MAPE=48.40% | LR=6.21e-04 | 62.7s
[INFO] start epoch 31/120
  Epoch 31 Batch 50/461 | Loss=0.133102 | diff=0.1223 | coarse=0.1354 | 4.0s
  Epoch 31 Batch 100/461 | Loss=0.120531 | diff=0.1105 | coarse=0.1258 | 7.9s
  Epoch 31 Batch 150/461 | Loss=0.113419 | diff=0.1040 | coarse=0.1173 | 11.9s
  Epoch 31 Batch 200/461 | Loss=0.121108 | diff=0.1108 | coarse=0.1287 | 15.9s
  Epoch 31 Batch 250/461 | Loss=0.203954 | diff=0.1852 | coarse=0.2341 | 19.9s
  Epoch 31 Batch 300/461 | Loss=0.167933 | diff=0.1561 | coarse=0.1483 | 23.9s
  Epoch 31 Batch 350/461 | Loss=0.112832 | diff=0.1045 | coarse=0.1037 | 27.9s
  Epoch 31 Batch 400/461 | Loss=0.123854 | diff=0.1134 | coarse=0.1301 | 32.0s
  Epoch 31 Batch 450/461 | Loss=0.124416 | diff=0.1145 | coarse=0.1243 | 36.5s
  Epoch 31 Batch 461/461 | Loss=0.005345 | diff=0.0050 | coarse=0.0043 | 37.4s
Epoch 31/120 | Loss=0.126220 | Val RMSE=15.2841 | Val MAE=11.3383 | Val MAPE=51.01% | LR=6.15e-04 | 62.7s
[INFO] start epoch 32/120
  Epoch 32 Batch 50/461 | Loss=0.137202 | diff=0.1251 | coarse=0.1514 | 4.0s
  Epoch 32 Batch 100/461 | Loss=0.122853 | diff=0.1127 | coarse=0.1271 | 7.8s
  Epoch 32 Batch 150/461 | Loss=0.117796 | diff=0.1084 | coarse=0.1171 | 11.8s
  Epoch 32 Batch 200/461 | Loss=0.128120 | diff=0.1176 | coarse=0.1319 | 15.8s
  Epoch 32 Batch 250/461 | Loss=0.169647 | diff=0.1553 | coarse=0.1789 | 19.8s
  Epoch 32 Batch 300/461 | Loss=0.151451 | diff=0.1398 | coarse=0.1455 | 23.8s
  [WARN] skip non-finite grad at epoch 32 batch 322
  Epoch 32 Batch 350/461 | Loss=0.107862 | diff=0.0986 | coarse=0.1154 | 27.7s
  Epoch 32 Batch 400/461 | Loss=0.110338 | diff=0.1005 | coarse=0.1232 | 31.7s
  Epoch 32 Batch 450/461 | Loss=0.112928 | diff=0.1038 | coarse=0.1139 | 35.8s
  Epoch 32 Batch 461/461 | Loss=0.005323 | diff=0.0049 | coarse=0.0049 | 36.7s
Epoch 32/120 | Loss=0.124904 | Val RMSE=15.3418 | Val MAE=11.5012 | Val MAPE=51.58% | LR=6.09e-04 | 61.9s
[INFO] start epoch 33/120
  Epoch 33 Batch 50/461 | Loss=0.128723 | diff=0.1167 | coarse=0.1507 | 4.0s
  Epoch 33 Batch 100/461 | Loss=0.128554 | diff=0.1181 | coarse=0.1306 | 8.1s
  Epoch 33 Batch 150/461 | Loss=0.116676 | diff=0.1069 | coarse=0.1228 | 12.0s
  Epoch 33 Batch 200/461 | Loss=0.130059 | diff=0.1190 | coarse=0.1378 | 16.0s
  Epoch 33 Batch 250/461 | Loss=0.152686 | diff=0.1409 | coarse=0.1471 | 20.1s
  Epoch 33 Batch 300/461 | Loss=0.145952 | diff=0.1344 | coarse=0.1445 | 24.1s
  Epoch 33 Batch 350/461 | Loss=0.099912 | diff=0.0908 | coarse=0.1135 | 28.2s
  Epoch 33 Batch 400/461 | Loss=0.106249 | diff=0.0974 | coarse=0.1101 | 32.2s
  Epoch 33 Batch 450/461 | Loss=0.108233 | diff=0.0994 | coarse=0.1099 | 36.2s
  Epoch 33 Batch 461/461 | Loss=0.005009 | diff=0.0046 | coarse=0.0052 | 37.1s
Epoch 33/120 | Loss=0.120871 | Val RMSE=15.0674 | Val MAE=11.1872 | Val MAPE=49.60% | LR=6.03e-04 | 62.3s
[INFO] start epoch 34/120
  Epoch 34 Batch 50/461 | Loss=0.112411 | diff=0.1019 | coarse=0.1320 | 4.0s
  Epoch 34 Batch 100/461 | Loss=0.123689 | diff=0.1136 | coarse=0.1261 | 8.0s
  Epoch 34 Batch 150/461 | Loss=0.112858 | diff=0.1032 | coarse=0.1211 | 12.4s
  Epoch 34 Batch 200/461 | Loss=0.113023 | diff=0.1043 | coarse=0.1093 | 16.7s
  Epoch 34 Batch 250/461 | Loss=0.143465 | diff=0.1324 | coarse=0.1382 | 20.7s
  Epoch 34 Batch 300/461 | Loss=0.137129 | diff=0.1265 | coarse=0.1327 | 24.7s
  Epoch 34 Batch 350/461 | Loss=0.102923 | diff=0.0943 | coarse=0.1073 | 28.8s
  Epoch 34 Batch 400/461 | Loss=0.101687 | diff=0.0936 | coarse=0.1012 | 32.9s
  Epoch 34 Batch 450/461 | Loss=0.105718 | diff=0.0972 | coarse=0.1062 | 36.9s
  Epoch 34 Batch 461/461 | Loss=0.005442 | diff=0.0050 | coarse=0.0055 | 37.7s
Epoch 34/120 | Loss=0.115501 | Val RMSE=15.2403 | Val MAE=11.2290 | Val MAPE=49.87% | LR=5.96e-04 | 60.4s
[INFO] start epoch 35/120
  Epoch 35 Batch 50/461 | Loss=0.104110 | diff=0.0942 | coarse=0.1245 | 4.0s
  Epoch 35 Batch 100/461 | Loss=0.121273 | diff=0.1112 | coarse=0.1265 | 8.5s
  Epoch 35 Batch 150/461 | Loss=0.123142 | diff=0.1125 | coarse=0.1327 | 12.6s
  Epoch 35 Batch 200/461 | Loss=0.117864 | diff=0.1088 | coarse=0.1136 | 16.6s
  Epoch 35 Batch 250/461 | Loss=0.138069 | diff=0.1268 | coarse=0.1413 | 20.8s
  Epoch 35 Batch 300/461 | Loss=0.131181 | diff=0.1213 | coarse=0.1236 | 25.3s
  Epoch 35 Batch 350/461 | Loss=0.116129 | diff=0.1071 | coarse=0.1132 | 29.3s
  Epoch 35 Batch 400/461 | Loss=0.099001 | diff=0.0910 | coarse=0.0999 | 33.8s
  Epoch 35 Batch 450/461 | Loss=0.102651 | diff=0.0943 | coarse=0.1047 | 37.9s
  Epoch 35 Batch 461/461 | Loss=0.005626 | diff=0.0051 | coarse=0.0069 | 38.8s
Epoch 35/120 | Loss=0.115077 | Val RMSE=15.7369 | Val MAE=11.7378 | Val MAPE=52.54% | LR=5.89e-04 | 63.9s
[INFO] start epoch 36/120
  Epoch 36 Batch 50/461 | Loss=0.104187 | diff=0.0951 | coarse=0.1138 | 4.0s
  Epoch 36 Batch 100/461 | Loss=0.133974 | diff=0.1218 | coarse=0.1527 | 8.1s
  Epoch 36 Batch 150/461 | Loss=0.114629 | diff=0.1050 | coarse=0.1208 | 12.0s
  Epoch 36 Batch 200/461 | Loss=0.113158 | diff=0.1043 | coarse=0.1112 | 16.1s
  Epoch 36 Batch 250/461 | Loss=0.144171 | diff=0.1330 | coarse=0.1395 | 20.0s
  Epoch 36 Batch 300/461 | Loss=0.152325 | diff=0.1422 | coarse=0.1263 | 24.1s
  Epoch 36 Batch 350/461 | Loss=0.115039 | diff=0.1070 | coarse=0.1004 | 28.2s
  Epoch 36 Batch 400/461 | Loss=0.099471 | diff=0.0915 | coarse=0.0993 | 32.7s
  Epoch 36 Batch 450/461 | Loss=0.114500 | diff=0.1059 | coarse=0.1076 | 36.7s
  Epoch 36 Batch 461/461 | Loss=0.005717 | diff=0.0052 | coarse=0.0069 | 37.6s
Epoch 36/120 | Loss=0.116656 | Val RMSE=14.9534 | Val MAE=10.9355 | Val MAPE=48.64% | LR=5.82e-04 | 60.9s
[INFO] start epoch 37/120
  Epoch 37 Batch 50/461 | Loss=0.101833 | diff=0.0934 | coarse=0.1059 | 3.7s
  Epoch 37 Batch 100/461 | Loss=0.123460 | diff=0.1114 | coarse=0.1505 | 7.9s
  Epoch 37 Batch 150/461 | Loss=0.104666 | diff=0.0960 | coarse=0.1079 | 12.3s
  Epoch 37 Batch 200/461 | Loss=0.108734 | diff=0.1002 | coarse=0.1062 | 16.3s
  Epoch 37 Batch 250/461 | Loss=0.128647 | diff=0.1182 | coarse=0.1305 | 20.4s
  Epoch 37 Batch 300/461 | Loss=0.145439 | diff=0.1349 | coarse=0.1312 | 24.5s
  Epoch 37 Batch 350/461 | Loss=0.125543 | diff=0.1176 | coarse=0.0990 | 28.5s
  Epoch 37 Batch 400/461 | Loss=0.099301 | diff=0.0912 | coarse=0.1018 | 32.5s
  Epoch 37 Batch 450/461 | Loss=0.104706 | diff=0.0964 | coarse=0.1036 | 36.5s
  Epoch 37 Batch 461/461 | Loss=0.005639 | diff=0.0051 | coarse=0.0063 | 37.3s
Epoch 37/120 | Loss=0.112701 | Val RMSE=15.4264 | Val MAE=11.1910 | Val MAPE=49.16% | LR=5.75e-04 | 62.4s
[INFO] start epoch 38/120
  Epoch 38 Batch 50/461 | Loss=0.100595 | diff=0.0924 | coarse=0.1027 | 3.9s
  Epoch 38 Batch 100/461 | Loss=0.123600 | diff=0.1132 | coarse=0.1297 | 7.9s
  [WARN] skip non-finite grad at epoch 38 batch 106
  Epoch 38 Batch 150/461 | Loss=0.103921 | diff=0.0953 | coarse=0.1077 | 12.0s
  Epoch 38 Batch 200/461 | Loss=0.103170 | diff=0.0949 | coarse=0.1029 | 16.0s
  Epoch 38 Batch 250/461 | Loss=0.136952 | diff=0.1269 | coarse=0.1255 | 20.1s
  Epoch 38 Batch 300/461 | Loss=0.186567 | diff=0.1734 | coarse=0.1640 | 24.1s
  Epoch 38 Batch 350/461 | Loss=0.120203 | diff=0.1118 | coarse=0.1046 | 28.1s
  Epoch 38 Batch 400/461 | Loss=0.104995 | diff=0.0968 | coarse=0.1028 | 32.1s
  Epoch 38 Batch 450/461 | Loss=0.104266 | diff=0.0964 | coarse=0.0988 | 36.0s
  Epoch 38 Batch 461/461 | Loss=0.005255 | diff=0.0048 | coarse=0.0055 | 36.9s
Epoch 38/120 | Loss=0.113285 | Val RMSE=14.7309 | Val MAE=10.5779 | Val MAPE=46.31% | LR=5.67e-04 | 63.5s
[INFO] start epoch 39/120
  Epoch 39 Batch 50/461 | Loss=0.110570 | diff=0.1017 | coarse=0.1109 | 3.9s
  Epoch 39 Batch 100/461 | Loss=0.114847 | diff=0.1056 | coarse=0.1156 | 8.4s
  Epoch 39 Batch 150/461 | Loss=0.101326 | diff=0.0930 | coarse=0.1043 | 12.4s
  Epoch 39 Batch 200/461 | Loss=0.103018 | diff=0.0946 | coarse=0.1047 | 16.6s
  Epoch 39 Batch 250/461 | Loss=0.128082 | diff=0.1179 | coarse=0.1271 | 20.9s
  Epoch 39 Batch 300/461 | Loss=0.183812 | diff=0.1705 | coarse=0.1665 | 25.2s
  Epoch 39 Batch 350/461 | Loss=0.107764 | diff=0.0987 | coarse=0.1129 | 29.2s
  Epoch 39 Batch 400/461 | Loss=0.095362 | diff=0.0874 | coarse=0.0991 | 33.5s
  Epoch 39 Batch 450/461 | Loss=0.102819 | diff=0.0945 | coarse=0.1039 | 37.5s
  Epoch 39 Batch 461/461 | Loss=0.005050 | diff=0.0046 | coarse=0.0051 | 38.4s
Epoch 39/120 | Loss=0.110567 | Val RMSE=14.4772 | Val MAE=10.0965 | Val MAPE=43.45% | LR=5.60e-04 | 63.6s
[INFO] start epoch 40/120
  Epoch 40 Batch 50/461 | Loss=0.097162 | diff=0.0890 | coarse=0.1026 | 3.9s
  Epoch 40 Batch 100/461 | Loss=0.112671 | diff=0.1037 | coarse=0.1122 | 7.9s
  Epoch 40 Batch 150/461 | Loss=0.102727 | diff=0.0942 | coarse=0.1060 | 11.9s
  Epoch 40 Batch 200/461 | Loss=0.100445 | diff=0.0923 | coarse=0.1016 | 16.0s
  Epoch 40 Batch 250/461 | Loss=0.126172 | diff=0.1158 | coarse=0.1298 | 19.9s
  Epoch 40 Batch 300/461 | Loss=0.188299 | diff=0.1741 | coarse=0.1776 | 23.9s
  Epoch 40 Batch 350/461 | Loss=0.093665 | diff=0.0856 | coarse=0.1007 | 27.8s
  Epoch 40 Batch 400/461 | Loss=0.097110 | diff=0.0889 | coarse=0.1028 | 31.8s
  Epoch 40 Batch 450/461 | Loss=0.114330 | diff=0.1051 | coarse=0.1155 | 35.7s
  Epoch 40 Batch 461/461 | Loss=0.005147 | diff=0.0048 | coarse=0.0049 | 36.6s
Epoch 40/120 | Loss=0.110444 | Val RMSE=14.6543 | Val MAE=10.0030 | Val MAPE=42.45% | LR=5.52e-04 | 61.7s
[INFO] start epoch 41/120
  Epoch 41 Batch 50/461 | Loss=0.110515 | diff=0.1014 | coarse=0.1143 | 3.9s
  Epoch 41 Batch 100/461 | Loss=0.114796 | diff=0.1057 | coarse=0.1138 | 8.0s
  Epoch 41 Batch 150/461 | Loss=0.101404 | diff=0.0931 | coarse=0.1043 | 12.0s
  Epoch 41 Batch 200/461 | Loss=0.099791 | diff=0.0916 | coarse=0.1025 | 16.1s
  Epoch 41 Batch 250/461 | Loss=0.127110 | diff=0.1161 | coarse=0.1372 | 20.1s
  Epoch 41 Batch 300/461 | Loss=0.152914 | diff=0.1407 | coarse=0.1533 | 24.1s
  Epoch 41 Batch 350/461 | Loss=0.099749 | diff=0.0919 | coarse=0.0977 | 27.9s
  Epoch 41 Batch 400/461 | Loss=0.108713 | diff=0.0998 | coarse=0.1111 | 31.9s
  Epoch 41 Batch 450/461 | Loss=0.114711 | diff=0.1053 | coarse=0.1176 | 36.0s
  Epoch 41 Batch 461/461 | Loss=0.005661 | diff=0.0052 | coarse=0.0060 | 36.8s
Epoch 41/120 | Loss=0.111891 | Val RMSE=15.7761 | Val MAE=11.1987 | Val MAPE=49.10% | LR=5.44e-04 | 61.5s
[INFO] start epoch 42/120
  Epoch 42 Batch 50/461 | Loss=0.100552 | diff=0.0907 | coarse=0.1232 | 3.9s
  Epoch 42 Batch 100/461 | Loss=0.121236 | diff=0.1114 | coarse=0.1235 | 8.0s
  Epoch 42 Batch 150/461 | Loss=0.100969 | diff=0.0925 | coarse=0.1052 | 12.1s
  Epoch 42 Batch 200/461 | Loss=0.101029 | diff=0.0927 | coarse=0.1046 | 16.5s
  Epoch 42 Batch 250/461 | Loss=0.129846 | diff=0.1175 | coarse=0.1539 | 20.4s
  Epoch 42 Batch 300/461 | Loss=0.125187 | diff=0.1150 | coarse=0.1277 | 24.7s
  Epoch 42 Batch 350/461 | Loss=0.091867 | diff=0.0844 | coarse=0.0928 | 29.0s
  Epoch 42 Batch 400/461 | Loss=0.104600 | diff=0.0966 | coarse=0.1004 | 33.1s
  Epoch 42 Batch 450/461 | Loss=0.099086 | diff=0.0912 | coarse=0.0990 | 37.1s
  Epoch 42 Batch 461/461 | Loss=0.005206 | diff=0.0047 | coarse=0.0058 | 37.9s
Epoch 42/120 | Loss=0.106657 | Val RMSE=14.7163 | Val MAE=10.3546 | Val MAPE=45.43% | LR=5.36e-04 | 63.1s
[INFO] start epoch 43/120
  Epoch 43 Batch 50/461 | Loss=0.098153 | diff=0.0881 | coarse=0.1259 | 3.9s
  Epoch 43 Batch 100/461 | Loss=0.119147 | diff=0.1095 | coarse=0.1209 | 7.9s
  Epoch 43 Batch 150/461 | Loss=0.104772 | diff=0.0955 | coarse=0.1157 | 11.9s
  Epoch 43 Batch 200/461 | Loss=0.099717 | diff=0.0910 | coarse=0.1085 | 16.0s
  Epoch 43 Batch 250/461 | Loss=0.135200 | diff=0.1204 | coarse=0.1852 | 20.1s
  Epoch 43 Batch 300/461 | Loss=0.125432 | diff=0.1156 | coarse=0.1231 | 24.0s
  Epoch 43 Batch 350/461 | Loss=0.098877 | diff=0.0908 | coarse=0.1013 | 28.0s
  Epoch 43 Batch 400/461 | Loss=0.097406 | diff=0.0887 | coarse=0.1090 | 31.9s
  Epoch 43 Batch 450/461 | Loss=0.098546 | diff=0.0906 | coarse=0.0994 | 35.9s
  Epoch 43 Batch 461/461 | Loss=0.005238 | diff=0.0048 | coarse=0.0058 | 36.7s
Epoch 43/120 | Loss=0.105337 | Val RMSE=14.7701 | Val MAE=10.3398 | Val MAPE=44.97% | LR=5.28e-04 | 59.7s
[EARLY STOP] patience=15, best_val_rmse=13.5333 at epoch 28
[INFO] PE-DiffWaveNet noleak training finished
{
  "split_mode": "noleak",
  "model_name": "PE-DiffWaveNet",
  "best_epoch": 28,
  "best_valid_rmse": 13.533270417521248,
  "best_valid_mae": 9.873735719983586,
  "best_valid_mape": 43.15685182512665,
  "test_rmse": 11.711963678354293,
  "test_mae": 8.54129525072076,
  "test_mape": 36.50339079050963,
  "relative_rmse": 2.8565765069156814,
  "relative_mae": 2.083242744078234,
  "train_scale_max": 410.0,
  "world_size": 1,
  "eval_inference_steps": 50,
  "eval_num_samples": 3,
  "eval_t_start_ratio": 0.25,
  "use_diffusion": 1,
  "use_pe_graph": 1,
  "use_pe_film": 1,
  "pe_source": "train",
  "pe_graph_alpha": 1.0,
  "pe_film_scale": 1.0,
  "pe_film_zero_init": 0,
  "normalize_pe_features": 1,
  "pe_shuffle_seed": -1,
  "pe_adaptive_loss": 0,
  "pe_loss_weight": 0.15,
  "pe_loss_start_step": 4,
  "pe_loss_normalize": 1,
  "per_step_rmse": [
    7.47936533833375,
    9.708534996119669,
    11.077782062188959,
    12.427650173235943,
    13.49893490017063,
    14.609552145725106
  ],
  "per_step_mae": [
    5.6471666858993235,
    7.253821519482724,
    8.225053591486994,
    9.23276828607782,
    10.036300015097789,
    10.852661406279916
  ],
  "step4_6_rmse_avg": 13.512045739710558,
  "peak_mode": "percentile",
  "peak_threshold": 64.99999910593033,
  "peak_count": 41597,
  "peak_ratio": 0.11175680395475672,
  "rmse_peak": 12.277479989588574,
  "mae_peak": 8.082054015556418
}
  Peak_mode      : percentile
  Peak_threshold : 65.00 μg/m³
  Peak_count     : 41597
  Peak_ratio     : 11.18%
  RMSE_peak      : 12.2775
  MAE_peak       : 8.0821
Per-step metrics:
  Step        RMSE         MAE
     1      7.4794      5.6472
     2      9.7085      7.2538
     3     11.0778      8.2251
     4     12.4277      9.2328
     5     13.4989     10.0363
     6     14.6096     10.8527
[INFO] outputs: /home/lyk/O3/matrix_N95_PEDiffWaveNet_noleak_yourgroup_seq12_pre6_s42
[INFO] weights: /home/lyk/O3/weights_N95/weights_pediffwavenet_noleak_yourgroup_seq12_pre6_s42
